# JRE version: Java(TM) SE Runtime Environment (8.0_271-b09) (build 1.8.0_271-b09)
# Java VM: Java HotSpot(TM) 64-Bit Server VM (25.271-b09 mixed mode windows-amd64 compressed oops)
Heap:
 PSYoungGen      total 667648K, used 558404K [0x0000000717000000, 0x0000000749880000, 0x00000007c0000000)
  eden space 622080K, 85% used [0x0000000717000000,0x00000007379163b8,0x000000073cf80000)
  from space 45568K, 54% used [0x000000073cf80000,0x000000073e7bb030,0x000000073fc00000)
  to   space 44544K, 0% used [0x0000000746d00000,0x0000000746d00000,0x0000000749880000)
 ParOldGen       total 262656K, used 206878K [0x00000005c5000000, 0x00000005d5080000, 0x0000000717000000)
  object space 262656K, 78% used [0x00000005c5000000,0x00000005d1a07a50,0x00000005d5080000)
 Metaspace       used 12676K, capacity 12896K, committed 13056K, reserved 1060864K
  class space    used 1416K, capacity 1511K, committed 1536K, reserved 1048576K
GC Heap History (10 events):
Event: 188.444 GC heap before
{Heap before GC invocations=335 (full 6):
 PSYoungGen      total 483840K, used 465132K [0x0000000717000000, 0x0000000737500000, 0x00000007c0000000)
  eden space 440320K, 100% used [0x0000000717000000,0x0000000731e00000,0x0000000731e00000)
  from space 43520K, 57% used [0x0000000734a80000,0x00000007362bb030,0x0000000737500000)
  to   space 44544K, 0% used [0x0000000731e00000,0x0000000731e00000,0x0000000734980000)
 ParOldGen       total 262656K, used 206742K [0x00000005c5000000, 0x00000005d5080000, 0x0000000717000000)
  object space 262656K, 78% used [0x00000005c5000000,0x00000005d19e5a50,0x00000005d5080000)
 Metaspace       used 12666K, capacity 12896K, committed 13056K, reserved 1060864K
  class space    used 1414K, capacity 1511K, committed 1536K, reserved 1048576K
Event: 188.451 GC heap after
Heap after GC invocations=335 (full 6):
 PSYoungGen      total 484864K, used 36371K [0x0000000717000000, 0x000000073c900000, 0x00000007c0000000)
  eden space 440320K, 0% used [0x0000000717000000,0x0000000717000000,0x0000000731e00000)
  from space 44544K, 81% used [0x0000000731e00000,0x0000000734184e60,0x0000000734980000)
  to   space 46080K, 0% used [0x0000000739c00000,0x0000000739c00000,0x000000073c900000)
 ParOldGen       total 262656K, used 206766K [0x00000005c5000000, 0x00000005d5080000, 0x0000000717000000)
  object space 262656K, 78% used [0x00000005c5000000,0x00000005d19eba50,0x00000005d5080000)
 Metaspace       used 12666K, capacity 12896K, committed 13056K, reserved 1060864K
  class space    used 1414K, capacity 1511K, committed 1536K, reserved 1048576K
}
Event: 188.891 GC heap before
{Heap before GC invocations=336 (full 6):
 PSYoungGen      total 484864K, used 471465K [0x0000000717000000, 0x000000073c900000, 0x00000007c0000000)
  eden space 440320K, 98% used [0x0000000717000000,0x00000007318e5878,0x0000000731e00000)
  from space 44544K, 81% used [0x0000000731e00000,0x0000000734184e60,0x0000000734980000)
  to   space 46080K, 0% used [0x0000000739c00000,0x0000000739c00000,0x000000073c900000)
 ParOldGen       total 262656K, used 206766K [0x00000005c5000000, 0x00000005d5080000, 0x0000000717000000)
  object space 262656K, 78% used [0x00000005c5000000,0x00000005d19eba50,0x00000005d5080000)
 Metaspace       used 12666K, capacity 12896K, committed 13056K, reserved 1060864K
  class space    used 1414K, capacity 1511K, committed 1536K, reserved 1048576K
Event: 188.898 GC heap after
Heap after GC invocations=336 (full 6):
 PSYoungGen      total 567296K, used 24812K [0x0000000717000000, 0x000000073c700000, 0x00000007c0000000)
  eden space 523264K, 0% used [0x0000000717000000,0x0000000717000000,0x0000000736f00000)
  from space 44032K, 56% used [0x0000000739c00000,0x000000073b43b030,0x000000073c700000)
  to   space 45056K, 0% used [0x0000000736f00000,0x0000000736f00000,0x0000000739b00000)
 ParOldGen       total 262656K, used 206806K [0x00000005c5000000, 0x00000005d5080000, 0x0000000717000000)
  object space 262656K, 78% used [0x00000005c5000000,0x00000005d19f5a50,0x00000005d5080000)
 Metaspace       used 12666K, capacity 12896K, committed 13056K, reserved 1060864K
  class space    used 1414K, capacity 1511K, committed 1536K, reserved 1048576K
}
Event: 189.423 GC heap before
{Heap before GC invocations=337 (full 6):
 PSYoungGen      total 567296K, used 537874K [0x0000000717000000, 0x000000073c700000, 0x00000007c0000000)
  eden space 523264K, 98% used [0x0000000717000000,0x0000000736509b00,0x0000000736f00000)
  from space 44032K, 56% used [0x0000000739c00000,0x000000073b43b030,0x000000073c700000)
  to   space 45056K, 0% used [0x0000000736f00000,0x0000000736f00000,0x0000000739b00000)
 ParOldGen       total 262656K, used 206806K [0x00000005c5000000, 0x00000005d5080000, 0x0000000717000000)
  object space 262656K, 78% used [0x00000005c5000000,0x00000005d19f5a50,0x00000005d5080000)
 Metaspace       used 12666K, capacity 12896K, committed 13056K, reserved 1060864K
  class space    used 1414K, capacity 1511K, committed 1536K, reserved 1048576K
Event: 189.431 GC heap after
Heap after GC invocations=337 (full 6):
 PSYoungGen      total 568320K, used 36435K [0x0000000717000000, 0x0000000742980000, 0x00000007c0000000)
  eden space 523264K, 0% used [0x0000000717000000,0x0000000717000000,0x0000000736f00000)
  from space 45056K, 80% used [0x0000000736f00000,0x0000000739294e60,0x0000000739b00000)
  to   space 46080K, 0% used [0x000000073fc80000,0x000000073fc80000,0x0000000742980000)
 ParOldGen       total 262656K, used 206830K [0x00000005c5000000, 0x00000005d5080000, 0x0000000717000000)
  object space 262656K, 78% used [0x00000005c5000000,0x00000005d19fba50,0x00000005d5080000)
 Metaspace       used 12666K, capacity 12896K, committed 13056K, reserved 1060864K
  class space    used 1414K, capacity 1511K, committed 1536K, reserved 1048576K
}
Event: 189.969 GC heap before
{Heap before GC invocations=338 (full 6):
 PSYoungGen      total 568320K, used 557079K [0x0000000717000000, 0x0000000742980000, 0x00000007c0000000)
  eden space 523264K, 99% used [0x0000000717000000,0x0000000736c71020,0x0000000736f00000)
  from space 45056K, 80% used [0x0000000736f00000,0x0000000739294e60,0x0000000739b00000)
  to   space 46080K, 0% used [0x000000073fc80000,0x000000073fc80000,0x0000000742980000)
 ParOldGen       total 262656K, used 206830K [0x00000005c5000000, 0x00000005d5080000, 0x0000000717000000)
  object space 262656K, 78% used [0x00000005c5000000,0x00000005d19fba50,0x00000005d5080000)
 Metaspace       used 12666K, capacity 12896K, committed 13056K, reserved 1060864K
  class space    used 1414K, capacity 1511K, committed 1536K, reserved 1048576K
Event: 189.976 GC heap after
Heap after GC invocations=338 (full 6):
 PSYoungGen      total 667136K, used 24812K [0x0000000717000000, 0x0000000742880000, 0x00000007c0000000)
  eden space 622080K, 0% used [0x0000000717000000,0x0000000717000000,0x000000073cf80000)
  from space 45056K, 55% used [0x000000073fc80000,0x00000007414bb030,0x0000000742880000)
  to   space 45568K, 0% used [0x000000073cf80000,0x000000073cf80000,0x000000073fc00000)
 ParOldGen       total 262656K, used 206862K [0x00000005c5000000, 0x00000005d5080000, 0x0000000717000000)
  object space 262656K, 78% used [0x00000005c5000000,0x00000005d1a03a50,0x00000005d5080000)
 Metaspace       used 12666K, capacity 12896K, committed 13056K, reserved 1060864K
  class space    used 1414K, capacity 1511K, committed 1536K, reserved 1048576K
}
Event: 190.613 GC heap before
{Heap before GC invocations=339 (full 6):
 PSYoungGen      total 667136K, used 640503K [0x0000000717000000, 0x0000000742880000, 0x00000007c0000000)
  eden space 622080K, 98% used [0x0000000717000000,0x000000073c942e60,0x000000073cf80000)
  from space 45056K, 55% used [0x000000073fc80000,0x00000007414bb030,0x0000000742880000)
  to   space 45568K, 0% used [0x000000073cf80000,0x000000073cf80000,0x000000073fc00000)
 ParOldGen       total 262656K, used 206862K [0x00000005c5000000, 0x00000005d5080000, 0x0000000717000000)
  object space 262656K, 78% used [0x00000005c5000000,0x00000005d1a03a50,0x00000005d5080000)
 Metaspace       used 12666K, capacity 12896K, committed 13056K, reserved 1060864K
  class space    used 1414K, capacity 1511K, committed 1536K, reserved 1048576K
Event: 190.620 GC heap after
Heap after GC invocations=339 (full 6):
 PSYoungGen      total 667648K, used 24812K [0x0000000717000000, 0x0000000749880000, 0x00000007c0000000)
  eden space 622080K, 0% used [0x0000000717000000,0x0000000717000000,0x000000073cf80000)
  from space 45568K, 54% used [0x000000073cf80000,0x000000073e7bb030,0x000000073fc00000)
  to   space 44544K, 0% used [0x0000000746d00000,0x0000000746d00000,0x0000000749880000)
 ParOldGen       total 262656K, used 206878K [0x00000005c5000000, 0x00000005d5080000, 0x0000000717000000)
  object space 262656K, 78% used [0x00000005c5000000,0x00000005d1a07a50,0x00000005d5080000)
 Metaspace       used 12666K, capacity 12896K, committed 13056K, reserved 1060864K
  class space    used 1414K, capacity 1511K, committed 1536K, reserved 1048576K
}

